<?xml version="1.0" encoding="UTF-8"?>
<!-- Generated by org.testng.reporters.JUnitReportReporter -->
<testsuite hostname="PERSONAL-PC" name="testcases.VerifyLoginPage" tests="1" failures="0" timestamp="28 Jul 2016 17:52:14 GMT" time="338.034" errors="0">
  <testcase name="testLoginPage" time="338.034" classname="testcases.VerifyLoginPage"/>
</testsuite> <!-- testcases.VerifyLoginPage -->
