<?xml version="1.0" encoding="UTF-8"?>
<!-- Generated by org.testng.reporters.JUnitReportReporter -->
<testsuite hostname="PERSONAL-PC" name="testcases.VerifyLoginPageWithReport" tests="1" failures="0" timestamp="29 Jul 2016 05:26:17 GMT" time="215.466" errors="0">
  <testcase name="testLoginPage" time="215.466" classname="testcases.VerifyLoginPageWithReport"/>
</testsuite> <!-- testcases.VerifyLoginPageWithReport -->
