<?xml version="1.0" encoding="UTF-8"?>
<!-- Generated by org.testng.reporters.JUnitReportReporter -->
<testsuite hostname="PERSONAL-PC" name="testcases.VerifyHomePage" tests="1" failures="0" timestamp="28 Jul 2016 17:37:18 GMT" time="977.366" errors="0">
  <testcase name="testHomePage" time="977.366" classname="testcases.VerifyHomePage"/>
</testsuite> <!-- testcases.VerifyHomePage -->
